[2021-05-21 14:18:14][XChatProvider][main-2] onCreate
[2021-05-21 14:18:14][WebRTC][main-2] RegisterActivityLifecycleCallbacks
[2021-05-21 14:18:14][WebRTC][main-2] onActivityCreated com.yitong.mbank.psbc.android.activity.SplashActivity
[2021-05-21 14:18:14][WebRTC][main-2] onActivityStarted com.yitong.mbank.psbc.android.activity.SplashActivity
[2021-05-21 14:18:14][WebRTC][main-2] onActivityResumed com.yitong.mbank.psbc.android.activity.SplashActivity
[2021-05-21 14:18:18][WebRTC][main-2] onActivityPaused com.yitong.mbank.psbc.android.activity.SplashActivity
[2021-05-21 14:18:18][WebRTC][main-2] onActivityCreated com.yitong.mbank.psbc.android.activity.MainActivity
[2021-05-21 14:18:18][WebRTC][main-2] onActivityStarted com.yitong.mbank.psbc.android.activity.MainActivity
[2021-05-21 14:18:19][WebRTC][main-2] onActivityResumed com.yitong.mbank.psbc.android.activity.MainActivity
[2021-05-21 14:18:20][WebRTC][main-2] onActivityStopped com.yitong.mbank.psbc.android.activity.SplashActivity
[2021-05-21 14:18:20][WebRTC][main-2] onActivityDestroyed com.yitong.mbank.psbc.android.activity.SplashActivity
[2021-05-21 14:18:24][WebRTC][main-2] onActivityPaused com.yitong.mbank.psbc.android.activity.MainActivity
[2021-05-21 14:18:24][WebRTC][main-2] onActivityCreated com.yitong.mbank.psbc.android.activity.LoginActivity
[2021-05-21 14:18:24][WebRTC][main-2] onActivityStarted com.yitong.mbank.psbc.android.activity.LoginActivity
[2021-05-21 14:18:24][WebRTC][main-2] onActivityResumed com.yitong.mbank.psbc.android.activity.LoginActivity
[2021-05-21 14:18:24][WebRTC][main-2] onActivityStopped com.yitong.mbank.psbc.android.activity.MainActivity
[2021-05-21 14:18:25][WebRTC][main-2] onActivityPaused com.yitong.mbank.psbc.android.activity.LoginActivity
[2021-05-21 14:18:25][WebRTC][main-2] onActivityCreated com.yitong.mbank.psbc.utils.webview.WebViewActivity
[2021-05-21 14:18:25][WebRTC][main-2] onActivityStarted com.yitong.mbank.psbc.utils.webview.WebViewActivity
[2021-05-21 14:18:25][WebRTC][main-2] onActivityResumed com.yitong.mbank.psbc.utils.webview.WebViewActivity
[2021-05-21 14:18:26][WebRTC][main-2] onActivityStopped com.yitong.mbank.psbc.android.activity.LoginActivity
[2021-05-21 14:18:55][WebRTC][main-2] onActivityPaused com.yitong.mbank.psbc.utils.webview.WebViewActivity
[2021-05-21 14:18:56][WebRTC][main-2] onActivityStopped com.yitong.mbank.psbc.utils.webview.WebViewActivity
[2021-05-21 14:19:06][WebRTC][main-2] onActivityStarted com.yitong.mbank.psbc.utils.webview.WebViewActivity
[2021-05-21 14:19:06][WebRTC][main-2] onActivityResumed com.yitong.mbank.psbc.utils.webview.WebViewActivity
[2021-05-21 14:19:24][WebRTC][main-2] onActivityPaused com.yitong.mbank.psbc.utils.webview.WebViewActivity
[2021-05-21 14:19:24][WebRTC][main-2] onActivityCreated com.yitong.utils.permissions.PermissionsActivity
[2021-05-21 14:19:24][WebRTC][main-2] onActivityStarted com.yitong.utils.permissions.PermissionsActivity
[2021-05-21 14:19:24][WebRTC][main-2] onActivityResumed com.yitong.utils.permissions.PermissionsActivity
[2021-05-21 14:19:25][WebRTC][main-2] onActivityPaused com.yitong.utils.permissions.PermissionsActivity
[2021-05-21 14:19:26][WebRTC][main-2] onActivityResumed com.yitong.mbank.psbc.utils.webview.WebViewActivity
[2021-05-21 14:19:26][WebRTC][main-2] onActivityStopped com.yitong.utils.permissions.PermissionsActivity
[2021-05-21 14:19:26][WebRTC][main-2] onActivityDestroyed com.yitong.utils.permissions.PermissionsActivity
[2021-05-21 14:19:26][WebRTC][main-2] onActivityPaused com.yitong.mbank.psbc.utils.webview.WebViewActivity
[2021-05-21 14:19:26][WebRTC][main-2] onActivityCreated com.hanvon.ocr.idcard.IDCardCameraActivity
[2021-05-21 14:19:26][WebRTC][main-2] onActivityStarted com.hanvon.ocr.idcard.IDCardCameraActivity
[2021-05-21 14:19:26][WebRTC][main-2] onActivityResumed com.hanvon.ocr.idcard.IDCardCameraActivity
[2021-05-21 14:19:26][WebRTC][main-2] onActivityStopped com.yitong.mbank.psbc.utils.webview.WebViewActivity
[2021-05-21 14:19:37][WebRTC][main-2] onActivityPaused com.hanvon.ocr.idcard.IDCardCameraActivity
[2021-05-21 14:19:38][WebRTC][main-2] onActivityStopped com.hanvon.ocr.idcard.IDCardCameraActivity
[2021-05-21 14:19:39][WebRTC][main-2] onActivityStarted com.hanvon.ocr.idcard.IDCardCameraActivity
[2021-05-21 14:19:39][WebRTC][main-2] onActivityResumed com.hanvon.ocr.idcard.IDCardCameraActivity
[2021-05-21 14:19:45][WebRTC][main-2] onActivityPaused com.hanvon.ocr.idcard.IDCardCameraActivity
[2021-05-21 14:19:45][WebRTC][main-2] onActivityStarted com.yitong.mbank.psbc.utils.webview.WebViewActivity
[2021-05-21 14:19:45][WebRTC][main-2] onActivityResumed com.yitong.mbank.psbc.utils.webview.WebViewActivity
[2021-05-21 14:19:46][WebRTC][main-2] onActivityStopped com.hanvon.ocr.idcard.IDCardCameraActivity
[2021-05-21 14:19:46][WebRTC][main-2] onActivityDestroyed com.hanvon.ocr.idcard.IDCardCameraActivity
[2021-05-21 14:19:47][WebRTC][main-2] onActivityPaused com.yitong.mbank.psbc.utils.webview.WebViewActivity
[2021-05-21 14:19:47][WebRTC][main-2] onActivityCreated com.hanvon.ocr.idcard.IDCardCameraActivity
[2021-05-21 14:19:47][WebRTC][main-2] onActivityStarted com.hanvon.ocr.idcard.IDCardCameraActivity
[2021-05-21 14:19:47][WebRTC][main-2] onActivityResumed com.hanvon.ocr.idcard.IDCardCameraActivity
[2021-05-21 14:19:48][WebRTC][main-2] onActivityStopped com.yitong.mbank.psbc.utils.webview.WebViewActivity
[2021-05-21 14:19:53][WebRTC][main-2] onActivityPaused com.hanvon.ocr.idcard.IDCardCameraActivity
[2021-05-21 14:19:53][WebRTC][main-2] onActivityStarted com.yitong.mbank.psbc.utils.webview.WebViewActivity
[2021-05-21 14:19:53][WebRTC][main-2] onActivityResumed com.yitong.mbank.psbc.utils.webview.WebViewActivity
[2021-05-21 14:19:53][WebRTC][main-2] onActivityStopped com.hanvon.ocr.idcard.IDCardCameraActivity
[2021-05-21 14:19:53][WebRTC][main-2] onActivityDestroyed com.hanvon.ocr.idcard.IDCardCameraActivity
[2021-05-21 14:19:55][WebRTC][main-2] onActivityPaused com.yitong.mbank.psbc.utils.webview.WebViewActivity
[2021-05-21 14:19:55][WebRTC][main-2] onActivityCreated com.hanvon.ocr.idcard.IDCardCameraActivity
[2021-05-21 14:19:55][WebRTC][main-2] onActivityStarted com.hanvon.ocr.idcard.IDCardCameraActivity
[2021-05-21 14:19:55][WebRTC][main-2] onActivityResumed com.hanvon.ocr.idcard.IDCardCameraActivity
[2021-05-21 14:19:55][WebRTC][main-2] onActivityStopped com.yitong.mbank.psbc.utils.webview.WebViewActivity
[2021-05-21 14:20:04][WebRTC][main-2] onActivityPaused com.hanvon.ocr.idcard.IDCardCameraActivity
[2021-05-21 14:20:04][WebRTC][main-2] onActivityStarted com.yitong.mbank.psbc.utils.webview.WebViewActivity
[2021-05-21 14:20:04][WebRTC][main-2] onActivityResumed com.yitong.mbank.psbc.utils.webview.WebViewActivity
[2021-05-21 14:20:05][WebRTC][main-2] onActivityStopped com.hanvon.ocr.idcard.IDCardCameraActivity
[2021-05-21 14:20:05][WebRTC][main-2] onActivityDestroyed com.hanvon.ocr.idcard.IDCardCameraActivity
[2021-05-21 14:20:11][WebRTC][main-2] onActivityPaused com.yitong.mbank.psbc.utils.webview.WebViewActivity
[2021-05-21 14:20:11][WebRTC][main-2] onActivityCreated com.eyecool.live.EyeCoolLiveActivity
[2021-05-21 14:20:12][WebRTC][main-2] onActivityStarted com.eyecool.live.EyeCoolLiveActivity
[2021-05-21 14:20:12][WebRTC][main-2] onActivityResumed com.eyecool.live.EyeCoolLiveActivity
[2021-05-21 14:20:13][WebRTC][main-2] onActivityStopped com.yitong.mbank.psbc.utils.webview.WebViewActivity
[2021-05-21 14:20:49][WebRTC][main-2] onActivityPaused com.eyecool.live.EyeCoolLiveActivity
[2021-05-21 14:20:49][WebRTC][main-2] onActivityStarted com.yitong.mbank.psbc.utils.webview.WebViewActivity
[2021-05-21 14:20:49][WebRTC][main-2] onActivityResumed com.yitong.mbank.psbc.utils.webview.WebViewActivity
[2021-05-21 14:20:49][WebRTC][main-2] onActivityStopped com.eyecool.live.EyeCoolLiveActivity
[2021-05-21 14:20:49][WebRTC][main-2] onActivityDestroyed com.eyecool.live.EyeCoolLiveActivity
[2021-05-21 14:22:14][WebRTC][main-2] onActivityPaused com.yitong.mbank.psbc.utils.webview.WebViewActivity
[2021-05-21 14:22:14][WebRTC][main-2] onActivityStarted com.yitong.mbank.psbc.android.activity.LoginActivity
[2021-05-21 14:22:14][WebRTC][main-2] onActivityResumed com.yitong.mbank.psbc.android.activity.LoginActivity
[2021-05-21 14:22:15][WebRTC][main-2] onActivityStopped com.yitong.mbank.psbc.utils.webview.WebViewActivity
[2021-05-21 14:22:15][WebRTC][main-2] onActivityDestroyed com.yitong.mbank.psbc.utils.webview.WebViewActivity
[2021-05-21 14:22:40][WebRTC][main-2] onActivityPaused com.yitong.mbank.psbc.android.activity.LoginActivity
[2021-05-21 14:22:40][WebRTC][main-2] onActivityCreated com.yitong.mbank.psbc.utils.webview.WebViewActivity
[2021-05-21 14:22:40][WebRTC][main-2] onActivityStarted com.yitong.mbank.psbc.utils.webview.WebViewActivity
[2021-05-21 14:22:40][WebRTC][main-2] onActivityResumed com.yitong.mbank.psbc.utils.webview.WebViewActivity
[2021-05-21 14:22:41][WebRTC][main-2] onActivityStopped com.yitong.mbank.psbc.android.activity.LoginActivity
[2021-05-21 14:22:41][WebRTC][main-2] onActivityDestroyed com.yitong.mbank.psbc.android.activity.LoginActivity
[2021-05-21 14:22:55][WebRTC][main-2] onActivityPaused com.yitong.mbank.psbc.utils.webview.WebViewActivity
[2021-05-21 14:22:56][WebRTC][main-2] onActivityStopped com.yitong.mbank.psbc.utils.webview.WebViewActivity
[2021-05-21 14:23:09][WebRTC][main-2] onActivityStarted com.yitong.mbank.psbc.utils.webview.WebViewActivity
[2021-05-21 14:23:09][WebRTC][main-2] onActivityResumed com.yitong.mbank.psbc.utils.webview.WebViewActivity
[2021-05-21 14:23:16][WebRTC][main-2] onActivityPaused com.yitong.mbank.psbc.utils.webview.WebViewActivity
[2021-05-21 14:23:16][WebRTC][main-2] onActivityCreated com.yitong.mbank.psbc.utils.webview.WebViewActivity
[2021-05-21 14:23:16][WebRTC][main-2] onActivityStarted com.yitong.mbank.psbc.utils.webview.WebViewActivity
[2021-05-21 14:23:16][WebRTC][main-2] onActivityResumed com.yitong.mbank.psbc.utils.webview.WebViewActivity
[2021-05-21 14:23:17][WebRTC][main-2] onActivityStopped com.yitong.mbank.psbc.utils.webview.WebViewActivity
[2021-05-21 14:23:17][WebRTC][main-2] onActivityDestroyed com.yitong.mbank.psbc.utils.webview.WebViewActivity
[2021-05-21 14:24:21][WebRTC][main-2] onActivityPaused com.yitong.mbank.psbc.utils.webview.WebViewActivity
[2021-05-21 14:24:21][WebRTC][main-2] onActivityStarted com.yitong.mbank.psbc.android.activity.MainActivity
[2021-05-21 14:24:21][WebRTC][main-2] onActivityResumed com.yitong.mbank.psbc.android.activity.MainActivity
[2021-05-21 14:24:22][WebRTC][main-2] onActivityStopped com.yitong.mbank.psbc.utils.webview.WebViewActivity
[2021-05-21 14:24:22][WebRTC][main-2] onActivityDestroyed com.yitong.mbank.psbc.utils.webview.WebViewActivity
[2021-05-21 14:24:32][WebRTC][main-2] onActivityPaused com.yitong.mbank.psbc.android.activity.MainActivity
[2021-05-21 14:24:32][WebRTC][main-2] onActivityCreated com.yitong.mbank.psbc.utils.webview.WebViewActivity
[2021-05-21 14:24:32][WebRTC][main-2] onActivityStarted com.yitong.mbank.psbc.utils.webview.WebViewActivity
[2021-05-21 14:24:32][WebRTC][main-2] onActivityResumed com.yitong.mbank.psbc.utils.webview.WebViewActivity
[2021-05-21 14:24:33][WebRTC][main-2] onActivityStopped com.yitong.mbank.psbc.android.activity.MainActivity
[2021-05-21 14:24:39][WebRTC][main-2] onActivityPaused com.yitong.mbank.psbc.utils.webview.WebViewActivity
[2021-05-21 14:24:39][WebRTC][main-2] onActivityStarted com.yitong.mbank.psbc.android.activity.MainActivity
[2021-05-21 14:24:39][WebRTC][main-2] onActivityResumed com.yitong.mbank.psbc.android.activity.MainActivity
[2021-05-21 14:24:40][WebRTC][main-2] onActivityStopped com.yitong.mbank.psbc.utils.webview.WebViewActivity
[2021-05-21 14:24:40][WebRTC][main-2] onActivityDestroyed com.yitong.mbank.psbc.utils.webview.WebViewActivity
[2021-05-21 14:24:45][WebRTC][main-2] onActivityPaused com.yitong.mbank.psbc.android.activity.MainActivity
[2021-05-21 14:24:45][WebRTC][main-2] onActivityCreated com.yitong.mbank.psbc.android.activity.AllMenuActivity
[2021-05-21 14:24:45][WebRTC][main-2] onActivityStarted com.yitong.mbank.psbc.android.activity.AllMenuActivity
[2021-05-21 14:24:45][WebRTC][main-2] onActivityResumed com.yitong.mbank.psbc.android.activity.AllMenuActivity
[2021-05-21 14:24:46][WebRTC][main-2] onActivityStopped com.yitong.mbank.psbc.android.activity.MainActivity
[2021-05-21 14:24:49][WebRTC][main-2] onActivityPaused com.yitong.mbank.psbc.android.activity.AllMenuActivity
[2021-05-21 14:24:49][WebRTC][main-2] onActivityCreated com.yitong.mbank.psbc.utils.webview.WebViewActivity
[2021-05-21 14:24:49][WebRTC][main-2] onActivityStarted com.yitong.mbank.psbc.utils.webview.WebViewActivity
[2021-05-21 14:24:49][WebRTC][main-2] onActivityResumed com.yitong.mbank.psbc.utils.webview.WebViewActivity
[2021-05-21 14:24:50][WebRTC][main-2] onActivityStopped com.yitong.mbank.psbc.android.activity.AllMenuActivity
[2021-05-21 14:24:57][WebRTC][main-2] onActivityPaused com.yitong.mbank.psbc.utils.webview.WebViewActivity
[2021-05-21 14:24:57][WebRTC][main-2] onActivityCreated com.yitong.mbank.psbc.utils.webview.WebViewForThirdPageActivity
[2021-05-21 14:24:57][WebRTC][main-2] onActivityStarted com.yitong.mbank.psbc.utils.webview.WebViewForThirdPageActivity
[2021-05-21 14:24:57][WebRTC][main-2] onActivityResumed com.yitong.mbank.psbc.utils.webview.WebViewForThirdPageActivity
[2021-05-21 14:24:58][WebRTC][main-2] onActivityStopped com.yitong.mbank.psbc.utils.webview.WebViewActivity
[2021-05-21 14:24:59][WebRTC][main-2] onActivityPaused com.yitong.mbank.psbc.utils.webview.WebViewForThirdPageActivity
[2021-05-21 14:24:59][WebRTC][main-2] onActivityStopped com.yitong.mbank.psbc.utils.webview.WebViewForThirdPageActivity
[2021-05-21 14:27:17][WebRTC][main-2] onActivityStarted com.yitong.mbank.psbc.utils.webview.WebViewForThirdPageActivity
[2021-05-21 14:27:17][WebRTC][main-2] onActivityResumed com.yitong.mbank.psbc.utils.webview.WebViewForThirdPageActivity
[2021-05-21 14:27:22][WebRTC][main-2] onActivityPaused com.yitong.mbank.psbc.utils.webview.WebViewForThirdPageActivity
[2021-05-21 14:27:22][WebRTC][main-2] onActivityStarted com.yitong.mbank.psbc.utils.webview.WebViewActivity
[2021-05-21 14:27:22][WebRTC][main-2] onActivityResumed com.yitong.mbank.psbc.utils.webview.WebViewActivity
[2021-05-21 14:27:22][WebRTC][main-2] onActivityStopped com.yitong.mbank.psbc.utils.webview.WebViewForThirdPageActivity
[2021-05-21 14:27:22][WebRTC][main-2] onActivityDestroyed com.yitong.mbank.psbc.utils.webview.WebViewForThirdPageActivity
[2021-05-21 14:27:27][WebRTC][main-2] onActivityPaused com.yitong.mbank.psbc.utils.webview.WebViewActivity
[2021-05-21 14:27:27][WebRTC][main-2] onActivityCreated com.eyecool.live.EyeCoolLiveActivity
[2021-05-21 14:27:27][WebRTC][main-2] onActivityStarted com.eyecool.live.EyeCoolLiveActivity
[2021-05-21 14:27:27][WebRTC][main-2] onActivityResumed com.eyecool.live.EyeCoolLiveActivity
[2021-05-21 14:27:28][WebRTC][main-2] onActivityStopped com.yitong.mbank.psbc.utils.webview.WebViewActivity
[2021-05-21 14:27:36][WebRTC][main-2] onActivityPaused com.eyecool.live.EyeCoolLiveActivity
[2021-05-21 14:27:36][WebRTC][main-2] onActivityStarted com.yitong.mbank.psbc.utils.webview.WebViewActivity
[2021-05-21 14:27:36][WebRTC][main-2] onActivityResumed com.yitong.mbank.psbc.utils.webview.WebViewActivity
[2021-05-21 14:27:37][WebRTC][main-2] onActivityStopped com.eyecool.live.EyeCoolLiveActivity
[2021-05-21 14:27:37][WebRTC][main-2] onActivityDestroyed com.eyecool.live.EyeCoolLiveActivity
[2021-05-21 14:27:39][WebRTC][main-2] onActivityPaused com.yitong.mbank.psbc.utils.webview.WebViewActivity
[2021-05-21 14:27:39][WebRTC][main-2] onActivityCreated com.yitong.mbank.psbc.utils.webview.WebViewForThirdPageActivity
[2021-05-21 14:27:39][WebRTC][main-2] onActivityStarted com.yitong.mbank.psbc.utils.webview.WebViewForThirdPageActivity
[2021-05-21 14:27:39][WebRTC][main-2] onActivityResumed com.yitong.mbank.psbc.utils.webview.WebViewForThirdPageActivity
[2021-05-21 14:27:39][WebRTC][main-2] onActivityPaused com.yitong.mbank.psbc.utils.webview.WebViewForThirdPageActivity
[2021-05-21 14:27:42][WebRTC][main-2] onActivityStopped com.yitong.mbank.psbc.utils.webview.WebViewForThirdPageActivity
[2021-05-21 14:27:42][WebRTC][main-2] onActivityStopped com.yitong.mbank.psbc.utils.webview.WebViewActivity
[2021-05-21 14:28:42][WebRTC][main-2] onActivityStarted com.yitong.mbank.psbc.utils.webview.WebViewForThirdPageActivity
[2021-05-21 14:28:42][WebRTC][main-2] onActivityResumed com.yitong.mbank.psbc.utils.webview.WebViewForThirdPageActivity
[2021-05-21 14:28:43][WebRTC][main-2] onActivityPaused com.yitong.mbank.psbc.utils.webview.WebViewForThirdPageActivity
[2021-05-21 14:28:43][WebRTC][main-2] onActivityStarted com.yitong.mbank.psbc.utils.webview.WebViewActivity
[2021-05-21 14:28:43][WebRTC][main-2] onActivityResumed com.yitong.mbank.psbc.utils.webview.WebViewActivity
[2021-05-21 14:28:44][WebRTC][main-2] onActivityStopped com.yitong.mbank.psbc.utils.webview.WebViewForThirdPageActivity
[2021-05-21 14:28:44][WebRTC][main-2] onActivityDestroyed com.yitong.mbank.psbc.utils.webview.WebViewForThirdPageActivity
[2021-05-21 14:28:44][WebRTC][main-2] onActivityPaused com.yitong.mbank.psbc.utils.webview.WebViewActivity
[2021-05-21 14:28:44][WebRTC][main-2] onActivityStarted com.yitong.mbank.psbc.android.activity.AllMenuActivity
[2021-05-21 14:28:44][WebRTC][main-2] onActivityResumed com.yitong.mbank.psbc.android.activity.AllMenuActivity
[2021-05-21 14:28:44][WebRTC][main-2] onActivityStopped com.yitong.mbank.psbc.utils.webview.WebViewActivity
[2021-05-21 14:28:44][WebRTC][main-2] onActivityDestroyed com.yitong.mbank.psbc.utils.webview.WebViewActivity
[2021-05-21 14:28:45][WebRTC][main-2] onActivityPaused com.yitong.mbank.psbc.android.activity.AllMenuActivity
[2021-05-21 14:28:45][WebRTC][main-2] onActivityStarted com.yitong.mbank.psbc.android.activity.MainActivity
[2021-05-21 14:28:45][WebRTC][main-2] onActivityResumed com.yitong.mbank.psbc.android.activity.MainActivity
[2021-05-21 14:28:45][WebRTC][main-2] onActivityStopped com.yitong.mbank.psbc.android.activity.AllMenuActivity
[2021-05-21 14:28:45][WebRTC][main-2] onActivityDestroyed com.yitong.mbank.psbc.android.activity.AllMenuActivity
[2021-05-21 14:28:46][WebRTC][main-2] onActivityPaused com.yitong.mbank.psbc.android.activity.MainActivity
[2021-05-21 14:28:46][WebRTC][main-2] onActivityCreated com.yitong.mbank.psbc.utils.webview.WebViewActivity
[2021-05-21 14:28:46][WebRTC][main-2] onActivityStarted com.yitong.mbank.psbc.utils.webview.WebViewActivity
[2021-05-21 14:28:46][WebRTC][main-2] onActivityResumed com.yitong.mbank.psbc.utils.webview.WebViewActivity
[2021-05-21 14:28:46][WebRTC][main-2] onActivityStopped com.yitong.mbank.psbc.android.activity.MainActivity
[2021-05-21 14:28:52][WebRTC][main-2] onActivityPaused com.yitong.mbank.psbc.utils.webview.WebViewActivity
[2021-05-21 14:28:52][WebRTC][main-2] onActivityStopped com.yitong.mbank.psbc.utils.webview.WebViewActivity
